Using pre-set license
Built from '2021.3/staging' branch; Version is '2021.3.32f1 (3b9dae9532f5) revision 3906990'; Using compiler version '192829333'; Build Type 'Release'
OS: 'Windows 10  (10.0.19044) 64bit Professional' Language: 'ko' Physical Memory: 16281 MB
BatchMode: 1, IsHumanControllingUs: 0, StartBugReporterOnCrash: 0, Is64bit: 1, IsPro: 1

COMMAND LINE ARGUMENTS:
C:\Program Files\Unity\Hub\Editor\2021.3.32f1\Editor\Unity.exe
-adb2
-batchMode
-noUpm
-name
AssetImportWorker2
-projectPath
C:/Users/user/Desktop/projectG/윤제영(클라)/윤제영
-logFile
Logs/AssetImportWorker2.log
-srvPort
60235
Successfully changed project path to: C:/Users/user/Desktop/projectG/윤제영(클라)/윤제영
C:/Users/user/Desktop/projectG/윤제영(클라)/윤제영
[UnityMemory] Configuration Parameters - Can be set up in boot.config
    "memorysetup-bucket-allocator-granularity=16"
    "memorysetup-bucket-allocator-bucket-count=8"
    "memorysetup-bucket-allocator-block-size=33554432"
    "memorysetup-bucket-allocator-block-count=8"
    "memorysetup-main-allocator-block-size=16777216"
    "memorysetup-thread-allocator-block-size=16777216"
    "memorysetup-gfx-main-allocator-block-size=16777216"
    "memorysetup-gfx-thread-allocator-block-size=16777216"
    "memorysetup-cache-allocator-block-size=4194304"
    "memorysetup-typetree-allocator-block-size=2097152"
    "memorysetup-profiler-bucket-allocator-granularity=16"
    "memorysetup-profiler-bucket-allocator-bucket-count=8"
    "memorysetup-profiler-bucket-allocator-block-size=33554432"
    "memorysetup-profiler-bucket-allocator-block-count=8"
    "memorysetup-profiler-allocator-block-size=16777216"
    "memorysetup-profiler-editor-allocator-block-size=1048576"
    "memorysetup-temp-allocator-size-main=16777216"
    "memorysetup-job-temp-allocator-block-size=2097152"
    "memorysetup-job-temp-allocator-block-size-background=1048576"
    "memorysetup-job-temp-allocator-reduction-small-platforms=262144"
    "memorysetup-temp-allocator-size-background-worker=32768"
    "memorysetup-temp-allocator-size-job-worker=262144"
    "memorysetup-temp-allocator-size-preload-manager=33554432"
    "memorysetup-temp-allocator-size-nav-mesh-worker=65536"
    "memorysetup-temp-allocator-size-audio-worker=65536"
    "memorysetup-temp-allocator-size-cloud-worker=32768"
    "memorysetup-temp-allocator-size-gi-baking-worker=262144"
    "memorysetup-temp-allocator-size-gfx=262144"
Player connection [6940] Host "[IP] 192.168.6.107 [Port] 0 [Flags] 2 [Guid] 798634239 [EditorId] 798634239 [Version] 1048832 [Id] WindowsEditor(7,G-B08) [Debug] 1 [PackageName] WindowsEditor [ProjectName] Editor" joined multi-casting on [225.0.0.222:54997]...

Player connection [6940] Host "[IP] 192.168.6.107 [Port] 0 [Flags] 2 [Guid] 798634239 [EditorId] 798634239 [Version] 1048832 [Id] WindowsEditor(7,G-B08) [Debug] 1 [PackageName] WindowsEditor [ProjectName] Editor" joined alternative multi-casting on [225.0.0.222:34997]...

[Physics::Module] Initialized MultithreadedJobDispatcher with {0} workers.
Refreshing native plugins compatible for Editor in 76.17 ms, found 3 plugins.
Preloading 0 native plugins for Editor in 0.00 ms.
Initialize engine version: 2021.3.32f1 (3b9dae9532f5)
[Subsystems] Discovering subsystems at path C:/Program Files/Unity/Hub/Editor/2021.3.32f1/Editor/Data/Resources/UnitySubsystems
[Subsystems] Discovering subsystems at path C:/Users/user/Desktop/projectG/윤제영(클라)/윤제영/Assets
GfxDevice: creating device client; threaded=0; jobified=0
Direct3D:
    Version:  Direct3D 11.0 [level 11.1]
    Renderer: NVIDIA GeForce GTX 1660 SUPER (ID=0x21c4)
    Vendor:   NVIDIA
    VRAM:     5991 MB
    Driver:   30.0.14.9649
Initialize mono
Mono path[0] = 'C:/Program Files/Unity/Hub/Editor/2021.3.32f1/Editor/Data/Managed'
Mono path[1] = 'C:/Program Files/Unity/Hub/Editor/2021.3.32f1/Editor/Data/MonoBleedingEdge/lib/mono/unityjit-win32'
Mono config path = 'C:/Program Files/Unity/Hub/Editor/2021.3.32f1/Editor/Data/MonoBleedingEdge/etc'
Using monoOptions --debugger-agent=transport=dt_socket,embedding=1,server=y,suspend=n,address=127.0.0.1:56584
Begin MonoManager ReloadAssembly
Registering precompiled unity dll's ...
Register platform support module: C:/Program Files/Unity/Hub/Editor/2021.3.32f1/Editor/Data/PlaybackEngines/AndroidPlayer/UnityEditor.Android.Extensions.dll
Register platform support module: C:/Program Files/Unity/Hub/Editor/2021.3.32f1/Editor/Data/PlaybackEngines/iOSSupport/UnityEditor.iOS.Extensions.dll
Register platform support module: C:/Program Files/Unity/Hub/Editor/2021.3.32f1/Editor/Data/PlaybackEngines/WindowsStandaloneSupport/UnityEditor.WindowsStandalone.Extensions.dll
Registered in 0.003164 seconds.
Native extension for WindowsStandalone target not found
[usbmuxd] Start listen thread
[usbmuxd] Listen thread started
Native extension for iOS target not found
Native extension for Android target not found
Android Extension - Scanning For ADB Devices 136 ms
Refreshing native plugins compatible for Editor in 58.81 ms, found 3 plugins.
Preloading 0 native plugins for Editor in 0.00 ms.
Mono: successfully reloaded assembly
- Completed reload, in  0.672 seconds
Domain Reload Profiling:
	ReloadAssembly (673ms)
		BeginReloadAssembly (74ms)
			ExecutionOrderSort (0ms)
			DisableScriptedObjects (0ms)
			BackupInstance (0ms)
			ReleaseScriptingObjects (0ms)
			CreateAndSetChildDomain (1ms)
		EndReloadAssembly (526ms)
			LoadAssemblies (73ms)
			RebuildTransferFunctionScriptingTraits (0ms)
			SetupTypeCache (89ms)
			ReleaseScriptCaches (0ms)
			RebuildScriptCaches (24ms)
			SetupLoadedEditorAssemblies (382ms)
				LogAssemblyErrors (0ms)
				InitializePlatformSupportModulesInManaged (216ms)
				SetLoadedEditorAssemblies (0ms)
				RefreshPlugins (59ms)
				BeforeProcessingInitializeOnLoad (1ms)
				ProcessInitializeOnLoadAttributes (70ms)
				ProcessInitializeOnLoadMethodAttributes (35ms)
				AfterProcessingInitializeOnLoad (0ms)
				EditorAssembliesLoaded (0ms)
			ExecutionOrderSort2 (0ms)
			AwakeInstancesAfterBackupRestoration (0ms)
Platform modules already initialized, skipping
Registering precompiled user dll's ...
Registered in 0.002448 seconds.
Begin MonoManager ReloadAssembly
Native extension for WindowsStandalone target not found
Native extension for iOS target not found
Native extension for Android target not found
Refreshing native plugins compatible for Editor in 0.49 ms, found 3 plugins.
Preloading 0 native plugins for Editor in 0.00 ms.
Package Manager log level set to [2]
[Package Manager] Server::EnsureServerProcessIsRunning -- launch failed, reason: Unity was launched with the -noUpm command-line argument
[Package Manager] Cannot connect to Unity Package Manager local server
Mono: successfully reloaded assembly
- Completed reload, in  1.228 seconds
Domain Reload Profiling:
	ReloadAssembly (1229ms)
		BeginReloadAssembly (101ms)
			ExecutionOrderSort (0ms)
			DisableScriptedObjects (5ms)
			BackupInstance (0ms)
			ReleaseScriptingObjects (0ms)
			CreateAndSetChildDomain (17ms)
		EndReloadAssembly (1045ms)
			LoadAssemblies (77ms)
			RebuildTransferFunctionScriptingTraits (0ms)
			SetupTypeCache (263ms)
			ReleaseScriptCaches (1ms)
			RebuildScriptCaches (43ms)
			SetupLoadedEditorAssemblies (652ms)
				LogAssemblyErrors (0ms)
				InitializePlatformSupportModulesInManaged (24ms)
				SetLoadedEditorAssemblies (0ms)
				RefreshPlugins (1ms)
				BeforeProcessingInitializeOnLoad (59ms)
				ProcessInitializeOnLoadAttributes (536ms)
				ProcessInitializeOnLoadMethodAttributes (29ms)
				AfterProcessingInitializeOnLoad (4ms)
				EditorAssembliesLoaded (0ms)
			ExecutionOrderSort2 (0ms)
			AwakeInstancesAfterBackupRestoration (4ms)
Platform modules already initialized, skipping
========================================================================
Worker process is ready to serve import requests
Launched and connected shader compiler UnityShaderCompiler.exe after 0.02 seconds
Refreshing native plugins compatible for Editor in 0.47 ms, found 3 plugins.
Preloading 0 native plugins for Editor in 0.00 ms.
Unloading 3166 Unused Serialized files (Serialized files now loaded: 0)
Unloading 29 unused Assets / (46.5 KB). Loaded Objects now: 3638.
Memory consumption went from 117.8 MB to 117.7 MB.
Total: 2.660500 ms (FindLiveObjects: 0.255200 ms CreateObjectMapping: 0.192300 ms MarkObjects: 2.150800 ms  DeleteObjects: 0.061600 ms)

AssetImportParameters requested are different than current active one (requested -> active):
  custom:video-decoder-ogg-theora: a1e56fd34408186e4bbccfd4996cb3dc -> 
  custom:container-muxer-webm: aa71ff27fc2769a1b78a27578f13a17b -> 
  custom:container-demuxer-webm: 4f35f7cbe854078d1ac9338744f61a02 -> 
  custom:video-encoder-webm-vp8: eb34c28f22e8b96e1ab97ce403110664 -> 
  custom:CustomObjectIndexerAttribute: bc11b3a6c3213fcdd17b65e7da85e133 -> 
  custom:audio-encoder-webm-vorbis: bf7c407c2cedff20999df2af8eb42d56 -> 
  custom:framework-win-MediaFoundation: 216162199b28c13a410421893ffa2e32 -> 
  custom:SearchIndexIgnoredProperties: e643bd26f0fe6173181afceb89e7c659 -> 
  custom:container-demuxer-ogg: 62fdf1f143b41e24485cea50d1cbac27 -> 
  custom:video-decoder-webm-vp8: 9c59270c3fd7afecdb556c50c9e8de78 -> 
  custom:audio-decoder-ogg-vorbis: bf7c407c2cedff20999df2af8eb42d56 -> 
========================================================================
Received Import Request.
  Time since last request: 5129.389192 seconds.
  path: Assets/LowpolyStyle/Alpine Woodland/0_DemoScene/AlpineWoodlandDemo.unity
  artifactKey: Guid(44004d143d27cd84299593592c4f9a29) Importer(815301076,1909f56bfc062723c751e8b465ee728b)
Number of updated assets reloaded before import = 0
Start importing Assets/LowpolyStyle/Alpine Woodland/0_DemoScene/AlpineWoodlandDemo.unity using Guid(44004d143d27cd84299593592c4f9a29) Importer(815301076,1909f56bfc062723c751e8b465ee728b)  -> (artifact id: '894a1c6f3676b7aaafad9ceb0dec4d3c') in 0.006317 seconds 
Number of asset objects unloaded after import = 0
========================================================================
Received Import Request.
  Time since last request: 279.058261 seconds.
  path: Assets/LowpolyStyle/Alpine Woodland/3_PrefabsWithColliders/Tree3_BirchYoung.prefab
  artifactKey: Guid(18c819349404cfd4d89e0d63d943f408) Importer(815301076,1909f56bfc062723c751e8b465ee728b)
Number of updated assets reloaded before import = 0
Start importing Assets/LowpolyStyle/Alpine Woodland/3_PrefabsWithColliders/Tree3_BirchYoung.prefab using Guid(18c819349404cfd4d89e0d63d943f408) Importer(815301076,1909f56bfc062723c751e8b465ee728b)  -> (artifact id: 'c89073087dd903d8b643a294906c00b6') in 0.079319 seconds 
Number of asset objects unloaded after import = 11
========================================================================
Received Import Request.
  Time since last request: 0.000017 seconds.
  path: Assets/LowpolyStyle/Alpine Woodland/3_PrefabsWithColliders/TreeDead2.prefab
  artifactKey: Guid(678429f297747e8419af735ad3d79c24) Importer(815301076,1909f56bfc062723c751e8b465ee728b)
Number of updated assets reloaded before import = 0
Start importing Assets/LowpolyStyle/Alpine Woodland/3_PrefabsWithColliders/TreeDead2.prefab using Guid(678429f297747e8419af735ad3d79c24) Importer(815301076,1909f56bfc062723c751e8b465ee728b)  -> (artifact id: '492c3c1fda77487db77be926a41efd23') in 0.016209 seconds 
Number of asset objects unloaded after import = 11
========================================================================
Received Import Request.
  Time since last request: 0.145454 seconds.
  path: Assets/LowpolyStyle/Alpine Woodland/3_PrefabsWithColliders/TreeTrunk1.prefab
  artifactKey: Guid(b169bad991cd7ba408b7dac74f556a8f) Importer(815301076,1909f56bfc062723c751e8b465ee728b)
Number of updated assets reloaded before import = 0
Start importing Assets/LowpolyStyle/Alpine Woodland/3_PrefabsWithColliders/TreeTrunk1.prefab using Guid(b169bad991cd7ba408b7dac74f556a8f) Importer(815301076,1909f56bfc062723c751e8b465ee728b)  -> (artifact id: '95485c7409852e2e8ea21f5149e9709a') in 0.007466 seconds 
Number of asset objects unloaded after import = 10
========================================================================
Received Import Request.
  Time since last request: 0.000011 seconds.
  path: Assets/LowpolyStyle/Alpine Woodland/3_PrefabsWithColliders/Wagon.prefab
  artifactKey: Guid(562808a9cf61c1f41a475378c1fd3f97) Importer(815301076,1909f56bfc062723c751e8b465ee728b)
Number of updated assets reloaded before import = 0
Start importing Assets/LowpolyStyle/Alpine Woodland/3_PrefabsWithColliders/Wagon.prefab using Guid(562808a9cf61c1f41a475378c1fd3f97) Importer(815301076,1909f56bfc062723c751e8b465ee728b)  -> (artifact id: 'ad107b0ab509d29c3d831f8de1de828d') in 0.007076 seconds 
Number of asset objects unloaded after import = 10
========================================================================
Received Import Request.
  Time since last request: 0.304038 seconds.
  path: Assets/LowpolyStyle/Alpine Woodland/3_PrefabsWithColliders/WaterLilies.prefab
  artifactKey: Guid(1744ddbece611874a9dfd51e8d8e5060) Importer(815301076,1909f56bfc062723c751e8b465ee728b)
Number of updated assets reloaded before import = 0
Start importing Assets/LowpolyStyle/Alpine Woodland/3_PrefabsWithColliders/WaterLilies.prefab using Guid(1744ddbece611874a9dfd51e8d8e5060) Importer(815301076,1909f56bfc062723c751e8b465ee728b)  -> (artifact id: '7f13a7482d770f87a74188d3555dab7a') in 0.008207 seconds 
Number of asset objects unloaded after import = 9
========================================================================
Received Import Request.
  Time since last request: 0.000012 seconds.
  path: Assets/LowpolyStyle/Alpine Woodland/3_PrefabsWithColliders/WoodenHouse2.prefab
  artifactKey: Guid(953f6abbcb857174ebf6f2eb62b54a26) Importer(815301076,1909f56bfc062723c751e8b465ee728b)
Number of updated assets reloaded before import = 0
Start importing Assets/LowpolyStyle/Alpine Woodland/3_PrefabsWithColliders/WoodenHouse2.prefab using Guid(953f6abbcb857174ebf6f2eb62b54a26) Importer(815301076,1909f56bfc062723c751e8b465ee728b)  -> (artifact id: '667cae451c6882985ab644d2494bb7b4') in 0.008308 seconds 
Number of asset objects unloaded after import = 10
========================================================================
Received Import Request.
  Time since last request: 0.042076 seconds.
  path: Assets/LowpolyStyle/Alpine Woodland/3_PrefabsWithColliders/WoodenHouse3.prefab
  artifactKey: Guid(f93de0dfa6b2b8241aef425cac105efe) Importer(815301076,1909f56bfc062723c751e8b465ee728b)
Number of updated assets reloaded before import = 0
Start importing Assets/LowpolyStyle/Alpine Woodland/3_PrefabsWithColliders/WoodenHouse3.prefab using Guid(f93de0dfa6b2b8241aef425cac105efe) Importer(815301076,1909f56bfc062723c751e8b465ee728b)  -> (artifact id: 'bead65d71ca5559c14dc08236ba0b2fa') in 0.007745 seconds 
Number of asset objects unloaded after import = 10
========================================================================
Received Import Request.
  Time since last request: 0.030905 seconds.
  path: Assets/LowpolyStyle/Alpine Woodland/3_PrefabsWithColliders/WoodenWall1.prefab
  artifactKey: Guid(7a659e5cb7951c542bc517b94f4bcea9) Importer(815301076,1909f56bfc062723c751e8b465ee728b)
Number of updated assets reloaded before import = 0
Start importing Assets/LowpolyStyle/Alpine Woodland/3_PrefabsWithColliders/WoodenWall1.prefab using Guid(7a659e5cb7951c542bc517b94f4bcea9) Importer(815301076,1909f56bfc062723c751e8b465ee728b)  -> (artifact id: '1982b27a53f0878e3cad954437d75831') in 0.008230 seconds 
Number of asset objects unloaded after import = 10
========================================================================
Received Import Request.
  Time since last request: 55.170060 seconds.
  path: Assets/Scenes/SampleScene.unity
  artifactKey: Guid(9fc0d4010bbf28b4594072e72b8655ab) Importer(815301076,1909f56bfc062723c751e8b465ee728b)
Number of updated assets reloaded before import = 0
Start importing Assets/Scenes/SampleScene.unity using Guid(9fc0d4010bbf28b4594072e72b8655ab) Importer(815301076,1909f56bfc062723c751e8b465ee728b)  -> (artifact id: '678e38dda8de9dcac026896f4f14e222') in 0.000885 seconds 
Number of asset objects unloaded after import = 0
========================================================================
Received Import Request.
  Time since last request: 261.036940 seconds.
  path: Assets/LowpolyStyle/Alpine Woodland/3_PrefabsWithColliders/AgaveLow.prefab
  artifactKey: Guid(9c9807f75889e994094efd930fe03ca8) Importer(815301076,1909f56bfc062723c751e8b465ee728b)
Number of updated assets reloaded before import = 0
Start importing Assets/LowpolyStyle/Alpine Woodland/3_PrefabsWithColliders/AgaveLow.prefab using Guid(9c9807f75889e994094efd930fe03ca8) Importer(815301076,1909f56bfc062723c751e8b465ee728b)  -> (artifact id: 'c89f47fbe597ac7c556a0a2e426b7e97') in 0.011067 seconds 
Number of asset objects unloaded after import = 10
========================================================================
Received Import Request.
  Time since last request: 0.000022 seconds.
  path: Assets/LowpolyStyle/Alpine Woodland/3_PrefabsWithColliders/Tent1.prefab
  artifactKey: Guid(f60396d1bcb5c7540b2f66c3d39dd57d) Importer(815301076,1909f56bfc062723c751e8b465ee728b)
Number of updated assets reloaded before import = 0
Start importing Assets/LowpolyStyle/Alpine Woodland/3_PrefabsWithColliders/Tent1.prefab using Guid(f60396d1bcb5c7540b2f66c3d39dd57d) Importer(815301076,1909f56bfc062723c751e8b465ee728b)  -> (artifact id: 'daf7264d76637c478dd9eb461a0443f4') in 0.032160 seconds 
Number of asset objects unloaded after import = 10
========================================================================
Received Import Request.
  Time since last request: 0.000013 seconds.
  path: Assets/LowpolyStyle/Alpine Woodland/3_PrefabsWithColliders/Mushroom.prefab
  artifactKey: Guid(4650d2c8e344b4742ab0546e939b7217) Importer(815301076,1909f56bfc062723c751e8b465ee728b)
Number of updated assets reloaded before import = 0
Start importing Assets/LowpolyStyle/Alpine Woodland/3_PrefabsWithColliders/Mushroom.prefab using Guid(4650d2c8e344b4742ab0546e939b7217) Importer(815301076,1909f56bfc062723c751e8b465ee728b)  -> (artifact id: '30ba1f10612266b562bdb47d801d51b4') in 0.009968 seconds 
Number of asset objects unloaded after import = 9
========================================================================
Received Import Request.
  Time since last request: 0.000025 seconds.
  path: Assets/LowpolyStyle/Alpine Woodland/3_PrefabsWithColliders/RockGrey2.prefab
  artifactKey: Guid(0b507fc630af57748b49929a85bad1f4) Importer(815301076,1909f56bfc062723c751e8b465ee728b)
Number of updated assets reloaded before import = 0
Start importing Assets/LowpolyStyle/Alpine Woodland/3_PrefabsWithColliders/RockGrey2.prefab using Guid(0b507fc630af57748b49929a85bad1f4) Importer(815301076,1909f56bfc062723c751e8b465ee728b)  -> (artifact id: '92bc1e2d2685e515cf5365a70944f02c') in 0.010677 seconds 
Number of asset objects unloaded after import = 10
========================================================================
Received Import Request.
  Time since last request: 0.000012 seconds.
  path: Assets/LowpolyStyle/Alpine Woodland/3_PrefabsWithColliders/Reed.prefab
  artifactKey: Guid(8e29574f61c003a45a3cc9a571582336) Importer(815301076,1909f56bfc062723c751e8b465ee728b)
Number of updated assets reloaded before import = 0
Start importing Assets/LowpolyStyle/Alpine Woodland/3_PrefabsWithColliders/Reed.prefab using Guid(8e29574f61c003a45a3cc9a571582336) Importer(815301076,1909f56bfc062723c751e8b465ee728b)  -> (artifact id: 'da09f3a6ce63f4e6bf8497a3ff9d1b71') in 0.008063 seconds 
Number of asset objects unloaded after import = 9
========================================================================
Received Import Request.
  Time since last request: 0.000013 seconds.
  path: Assets/LowpolyStyle/Alpine Woodland/3_PrefabsWithColliders/Signpost1.prefab
  artifactKey: Guid(09cf0cab46fd4f84cab7fdafc2df9b01) Importer(815301076,1909f56bfc062723c751e8b465ee728b)
Number of updated assets reloaded before import = 0
Start importing Assets/LowpolyStyle/Alpine Woodland/3_PrefabsWithColliders/Signpost1.prefab using Guid(09cf0cab46fd4f84cab7fdafc2df9b01) Importer(815301076,1909f56bfc062723c751e8b465ee728b)  -> (artifact id: '848d0c8f221aa6ded3b3b6ae4484850f') in 0.007777 seconds 
Number of asset objects unloaded after import = 10
========================================================================
Received Import Request.
  Time since last request: 0.000015 seconds.
  path: Assets/LowpolyStyle/Alpine Woodland/3_PrefabsWithColliders/HangingBridge.prefab
  artifactKey: Guid(2857b754a89e4194d879f7284bfd200d) Importer(815301076,1909f56bfc062723c751e8b465ee728b)
Number of updated assets reloaded before import = 0
Start importing Assets/LowpolyStyle/Alpine Woodland/3_PrefabsWithColliders/HangingBridge.prefab using Guid(2857b754a89e4194d879f7284bfd200d) Importer(815301076,1909f56bfc062723c751e8b465ee728b)  -> (artifact id: '9f5f52f2ac2ea559032c00f320d1c6fd') in 0.008841 seconds 
Number of asset objects unloaded after import = 10
========================================================================
Received Import Request.
  Time since last request: 0.000017 seconds.
  path: Assets/LowpolyStyle/Alpine Woodland/3_PrefabsWithColliders/PierStart.prefab
  artifactKey: Guid(52dbbceff73875e4181d4040686efbfb) Importer(815301076,1909f56bfc062723c751e8b465ee728b)
Number of updated assets reloaded before import = 0
Start importing Assets/LowpolyStyle/Alpine Woodland/3_PrefabsWithColliders/PierStart.prefab using Guid(52dbbceff73875e4181d4040686efbfb) Importer(815301076,1909f56bfc062723c751e8b465ee728b)  -> (artifact id: 'a5f4c47380c80a4ab1e93475a07becdd') in 0.011594 seconds 
Number of asset objects unloaded after import = 10
========================================================================
Received Import Request.
  Time since last request: 0.000013 seconds.
  path: Assets/LowpolyStyle/Alpine Woodland/3_PrefabsWithColliders/QubicRocks1.prefab
  artifactKey: Guid(040e7f7209998c646a090c885c9163aa) Importer(815301076,1909f56bfc062723c751e8b465ee728b)
Number of updated assets reloaded before import = 0
Start importing Assets/LowpolyStyle/Alpine Woodland/3_PrefabsWithColliders/QubicRocks1.prefab using Guid(040e7f7209998c646a090c885c9163aa) Importer(815301076,1909f56bfc062723c751e8b465ee728b)  -> (artifact id: '14bebe60814a115feb44bde1c19e2be2') in 0.009989 seconds 
Number of asset objects unloaded after import = 10
========================================================================
Received Import Request.
  Time since last request: 0.000017 seconds.
  path: Assets/LowpolyStyle/Alpine Woodland/3_PrefabsWithColliders/Tree1.prefab
  artifactKey: Guid(43ac926c2709a4b4e9868e88f7f97a61) Importer(815301076,1909f56bfc062723c751e8b465ee728b)
Number of updated assets reloaded before import = 0
Start importing Assets/LowpolyStyle/Alpine Woodland/3_PrefabsWithColliders/Tree1.prefab using Guid(43ac926c2709a4b4e9868e88f7f97a61) Importer(815301076,1909f56bfc062723c751e8b465ee728b)  -> (artifact id: 'e0ab66bdd52deba922fbaf141dc85a27') in 0.008000 seconds 
Number of asset objects unloaded after import = 10
========================================================================
Received Import Request.
  Time since last request: 0.000023 seconds.
  path: Assets/LowpolyStyle/Alpine Woodland/3_PrefabsWithColliders/Mushrooms.prefab
  artifactKey: Guid(6df69aa4c7dd16842b1448e84b884e15) Importer(815301076,1909f56bfc062723c751e8b465ee728b)
Number of updated assets reloaded before import = 0
Start importing Assets/LowpolyStyle/Alpine Woodland/3_PrefabsWithColliders/Mushrooms.prefab using Guid(6df69aa4c7dd16842b1448e84b884e15) Importer(815301076,1909f56bfc062723c751e8b465ee728b)  -> (artifact id: '397453513a7abfb06c472df4da0ead53') in 0.009185 seconds 
Number of asset objects unloaded after import = 9
========================================================================
Received Import Request.
  Time since last request: 0.000021 seconds.
  path: Assets/LowpolyStyle/Alpine Woodland/3_PrefabsWithColliders/GrassHillFlat.prefab
  artifactKey: Guid(ce4310faa471efc478e0232d3ed58cd0) Importer(815301076,1909f56bfc062723c751e8b465ee728b)
Number of updated assets reloaded before import = 0
Start importing Assets/LowpolyStyle/Alpine Woodland/3_PrefabsWithColliders/GrassHillFlat.prefab using Guid(ce4310faa471efc478e0232d3ed58cd0) Importer(815301076,1909f56bfc062723c751e8b465ee728b)  -> (artifact id: '97aad77d6e33659c8761477ec3edcc8f') in 0.007756 seconds 
Number of asset objects unloaded after import = 10
========================================================================
Received Import Request.
  Time since last request: 0.000028 seconds.
  path: Assets/LowpolyStyle/Alpine Woodland/3_PrefabsWithColliders/CookingFireplace.prefab
  artifactKey: Guid(a0df47329a427514e90f8a03566796f6) Importer(815301076,1909f56bfc062723c751e8b465ee728b)
Number of updated assets reloaded before import = 0
Start importing Assets/LowpolyStyle/Alpine Woodland/3_PrefabsWithColliders/CookingFireplace.prefab using Guid(a0df47329a427514e90f8a03566796f6) Importer(815301076,1909f56bfc062723c751e8b465ee728b)  -> (artifact id: '3108bed1c4498bc121c7dbf508fd113c') in 0.016240 seconds 
Number of asset objects unloaded after import = 22
========================================================================
Received Import Request.
  Time since last request: 0.000041 seconds.
  path: Assets/LowpolyStyle/Alpine Woodland/3_PrefabsWithColliders/Signpost2.prefab
  artifactKey: Guid(b0552017f9b56b34a80886463367e4ce) Importer(815301076,1909f56bfc062723c751e8b465ee728b)
Number of updated assets reloaded before import = 0
Start importing Assets/LowpolyStyle/Alpine Woodland/3_PrefabsWithColliders/Signpost2.prefab using Guid(b0552017f9b56b34a80886463367e4ce) Importer(815301076,1909f56bfc062723c751e8b465ee728b)  -> (artifact id: 'f1d6a5550c60eb7d36864e46f2b98343') in 0.008493 seconds 
Number of asset objects unloaded after import = 10
========================================================================
Received Import Request.
  Time since last request: 0.000024 seconds.
  path: Assets/LowpolyStyle/Alpine Woodland/3_PrefabsWithColliders/SharpRock1.prefab
  artifactKey: Guid(75ce0f8fda9941d4dbb0fce80b24ba8d) Importer(815301076,1909f56bfc062723c751e8b465ee728b)
Number of updated assets reloaded before import = 0
Start importing Assets/LowpolyStyle/Alpine Woodland/3_PrefabsWithColliders/SharpRock1.prefab using Guid(75ce0f8fda9941d4dbb0fce80b24ba8d) Importer(815301076,1909f56bfc062723c751e8b465ee728b)  -> (artifact id: '2aab9825b1d412e4fef065237ff1557c') in 0.008846 seconds 
Number of asset objects unloaded after import = 10
========================================================================
Received Import Request.
  Time since last request: 0.000011 seconds.
  path: Assets/LowpolyStyle/Alpine Woodland/3_PrefabsWithColliders/CookingPot.prefab
  artifactKey: Guid(6cecb8f8cf3206345b6b535cbc70d1eb) Importer(815301076,1909f56bfc062723c751e8b465ee728b)
Number of updated assets reloaded before import = 0
Start importing Assets/LowpolyStyle/Alpine Woodland/3_PrefabsWithColliders/CookingPot.prefab using Guid(6cecb8f8cf3206345b6b535cbc70d1eb) Importer(815301076,1909f56bfc062723c751e8b465ee728b)  -> (artifact id: '7f03eb130f06e275a921f52074467ccf') in 0.009821 seconds 
Number of asset objects unloaded after import = 10
========================================================================
Received Import Request.
  Time since last request: 0.000015 seconds.
  path: Assets/LowpolyStyle/Alpine Woodland/3_PrefabsWithColliders/Bench1.prefab
  artifactKey: Guid(48436bba6aeee4d43b9c9e648f23a592) Importer(815301076,1909f56bfc062723c751e8b465ee728b)
Number of updated assets reloaded before import = 0
Start importing Assets/LowpolyStyle/Alpine Woodland/3_PrefabsWithColliders/Bench1.prefab using Guid(48436bba6aeee4d43b9c9e648f23a592) Importer(815301076,1909f56bfc062723c751e8b465ee728b)  -> (artifact id: 'd027c83d690e5bb5cfc2e5b678505058') in 0.008307 seconds 
Number of asset objects unloaded after import = 10
Editor requested this worker to shutdown with reason: Scaling down because of idle timeout
AssetImportWorker is now disconnected from the server
Process exiting
Exiting without the bug reporter. Application will terminate with return code 0