Using pre-set license
Built from '2021.3/staging' branch; Version is '2021.3.32f1 (3b9dae9532f5) revision 3906990'; Using compiler version '192829333'; Build Type 'Release'
OS: 'Windows 10  (10.0.19044) 64bit Professional' Language: 'ko' Physical Memory: 16281 MB
BatchMode: 1, IsHumanControllingUs: 0, StartBugReporterOnCrash: 0, Is64bit: 1, IsPro: 1

COMMAND LINE ARGUMENTS:
C:\Program Files\Unity\Hub\Editor\2021.3.32f1\Editor\Unity.exe
-adb2
-batchMode
-noUpm
-name
AssetImportWorker1
-projectPath
C:/Users/user/Desktop/projectG/윤제영(클라)/윤제영
-logFile
Logs/AssetImportWorker1.log
-srvPort
60235
Successfully changed project path to: C:/Users/user/Desktop/projectG/윤제영(클라)/윤제영
C:/Users/user/Desktop/projectG/윤제영(클라)/윤제영
[UnityMemory] Configuration Parameters - Can be set up in boot.config
    "memorysetup-bucket-allocator-granularity=16"
    "memorysetup-bucket-allocator-bucket-count=8"
    "memorysetup-bucket-allocator-block-size=33554432"
    "memorysetup-bucket-allocator-block-count=8"
    "memorysetup-main-allocator-block-size=16777216"
    "memorysetup-thread-allocator-block-size=16777216"
    "memorysetup-gfx-main-allocator-block-size=16777216"
    "memorysetup-gfx-thread-allocator-block-size=16777216"
    "memorysetup-cache-allocator-block-size=4194304"
    "memorysetup-typetree-allocator-block-size=2097152"
    "memorysetup-profiler-bucket-allocator-granularity=16"
    "memorysetup-profiler-bucket-allocator-bucket-count=8"
    "memorysetup-profiler-bucket-allocator-block-size=33554432"
    "memorysetup-profiler-bucket-allocator-block-count=8"
    "memorysetup-profiler-allocator-block-size=16777216"
    "memorysetup-profiler-editor-allocator-block-size=1048576"
    "memorysetup-temp-allocator-size-main=16777216"
    "memorysetup-job-temp-allocator-block-size=2097152"
    "memorysetup-job-temp-allocator-block-size-background=1048576"
    "memorysetup-job-temp-allocator-reduction-small-platforms=262144"
    "memorysetup-temp-allocator-size-background-worker=32768"
    "memorysetup-temp-allocator-size-job-worker=262144"
    "memorysetup-temp-allocator-size-preload-manager=33554432"
    "memorysetup-temp-allocator-size-nav-mesh-worker=65536"
    "memorysetup-temp-allocator-size-audio-worker=65536"
    "memorysetup-temp-allocator-size-cloud-worker=32768"
    "memorysetup-temp-allocator-size-gi-baking-worker=262144"
    "memorysetup-temp-allocator-size-gfx=262144"
Player connection [14740] Host "[IP] 192.168.6.107 [Port] 0 [Flags] 2 [Guid] 3718235030 [EditorId] 3718235030 [Version] 1048832 [Id] WindowsEditor(7,G-B08) [Debug] 1 [PackageName] WindowsEditor [ProjectName] Editor" joined multi-casting on [225.0.0.222:54997]...

Player connection [14740] Host "[IP] 192.168.6.107 [Port] 0 [Flags] 2 [Guid] 3718235030 [EditorId] 3718235030 [Version] 1048832 [Id] WindowsEditor(7,G-B08) [Debug] 1 [PackageName] WindowsEditor [ProjectName] Editor" joined alternative multi-casting on [225.0.0.222:34997]...

[Physics::Module] Initialized MultithreadedJobDispatcher with {0} workers.
Refreshing native plugins compatible for Editor in 62.65 ms, found 3 plugins.
Preloading 0 native plugins for Editor in 0.00 ms.
Initialize engine version: 2021.3.32f1 (3b9dae9532f5)
[Subsystems] Discovering subsystems at path C:/Program Files/Unity/Hub/Editor/2021.3.32f1/Editor/Data/Resources/UnitySubsystems
[Subsystems] Discovering subsystems at path C:/Users/user/Desktop/projectG/윤제영(클라)/윤제영/Assets
GfxDevice: creating device client; threaded=0; jobified=0
Direct3D:
    Version:  Direct3D 11.0 [level 11.1]
    Renderer: NVIDIA GeForce GTX 1660 SUPER (ID=0x21c4)
    Vendor:   NVIDIA
    VRAM:     5991 MB
    Driver:   30.0.14.9649
Initialize mono
Mono path[0] = 'C:/Program Files/Unity/Hub/Editor/2021.3.32f1/Editor/Data/Managed'
Mono path[1] = 'C:/Program Files/Unity/Hub/Editor/2021.3.32f1/Editor/Data/MonoBleedingEdge/lib/mono/unityjit-win32'
Mono config path = 'C:/Program Files/Unity/Hub/Editor/2021.3.32f1/Editor/Data/MonoBleedingEdge/etc'
Using monoOptions --debugger-agent=transport=dt_socket,embedding=1,server=y,suspend=n,address=127.0.0.1:56416
Begin MonoManager ReloadAssembly
Registering precompiled unity dll's ...
Register platform support module: C:/Program Files/Unity/Hub/Editor/2021.3.32f1/Editor/Data/PlaybackEngines/AndroidPlayer/UnityEditor.Android.Extensions.dll
Register platform support module: C:/Program Files/Unity/Hub/Editor/2021.3.32f1/Editor/Data/PlaybackEngines/iOSSupport/UnityEditor.iOS.Extensions.dll
Register platform support module: C:/Program Files/Unity/Hub/Editor/2021.3.32f1/Editor/Data/PlaybackEngines/WindowsStandaloneSupport/UnityEditor.WindowsStandalone.Extensions.dll
Registered in 0.003329 seconds.
Native extension for WindowsStandalone target not found
[usbmuxd] Start listen thread
[usbmuxd] Listen thread started
Native extension for iOS target not found
Native extension for Android target not found
Android Extension - Scanning For ADB Devices 156 ms
Refreshing native plugins compatible for Editor in 67.76 ms, found 3 plugins.
Preloading 0 native plugins for Editor in 0.00 ms.
Mono: successfully reloaded assembly
- Completed reload, in  0.761 seconds
Domain Reload Profiling:
	ReloadAssembly (762ms)
		BeginReloadAssembly (75ms)
			ExecutionOrderSort (0ms)
			DisableScriptedObjects (0ms)
			BackupInstance (0ms)
			ReleaseScriptingObjects (0ms)
			CreateAndSetChildDomain (1ms)
		EndReloadAssembly (600ms)
			LoadAssemblies (75ms)
			RebuildTransferFunctionScriptingTraits (0ms)
			SetupTypeCache (101ms)
			ReleaseScriptCaches (0ms)
			RebuildScriptCaches (27ms)
			SetupLoadedEditorAssemblies (436ms)
				LogAssemblyErrors (0ms)
				InitializePlatformSupportModulesInManaged (244ms)
				SetLoadedEditorAssemblies (0ms)
				RefreshPlugins (68ms)
				BeforeProcessingInitializeOnLoad (1ms)
				ProcessInitializeOnLoadAttributes (80ms)
				ProcessInitializeOnLoadMethodAttributes (42ms)
				AfterProcessingInitializeOnLoad (0ms)
				EditorAssembliesLoaded (0ms)
			ExecutionOrderSort2 (0ms)
			AwakeInstancesAfterBackupRestoration (0ms)
Platform modules already initialized, skipping
Registering precompiled user dll's ...
Registered in 0.002343 seconds.
Begin MonoManager ReloadAssembly
Native extension for WindowsStandalone target not found
Native extension for iOS target not found
Native extension for Android target not found
Refreshing native plugins compatible for Editor in 0.48 ms, found 3 plugins.
Preloading 0 native plugins for Editor in 0.00 ms.
Package Manager log level set to [2]
[Package Manager] Server::EnsureServerProcessIsRunning -- launch failed, reason: Unity was launched with the -noUpm command-line argument
[Package Manager] Cannot connect to Unity Package Manager local server
Mono: successfully reloaded assembly
- Completed reload, in  1.261 seconds
Domain Reload Profiling:
	ReloadAssembly (1262ms)
		BeginReloadAssembly (103ms)
			ExecutionOrderSort (0ms)
			DisableScriptedObjects (5ms)
			BackupInstance (0ms)
			ReleaseScriptingObjects (0ms)
			CreateAndSetChildDomain (18ms)
		EndReloadAssembly (1071ms)
			LoadAssemblies (81ms)
			RebuildTransferFunctionScriptingTraits (0ms)
			SetupTypeCache (255ms)
			ReleaseScriptCaches (1ms)
			RebuildScriptCaches (51ms)
			SetupLoadedEditorAssemblies (666ms)
				LogAssemblyErrors (0ms)
				InitializePlatformSupportModulesInManaged (24ms)
				SetLoadedEditorAssemblies (0ms)
				RefreshPlugins (1ms)
				BeforeProcessingInitializeOnLoad (63ms)
				ProcessInitializeOnLoadAttributes (545ms)
				ProcessInitializeOnLoadMethodAttributes (31ms)
				AfterProcessingInitializeOnLoad (2ms)
				EditorAssembliesLoaded (0ms)
			ExecutionOrderSort2 (0ms)
			AwakeInstancesAfterBackupRestoration (4ms)
Platform modules already initialized, skipping
========================================================================
Worker process is ready to serve import requests
Launched and connected shader compiler UnityShaderCompiler.exe after 0.02 seconds
Refreshing native plugins compatible for Editor in 0.48 ms, found 3 plugins.
Preloading 0 native plugins for Editor in 0.00 ms.
Unloading 3165 Unused Serialized files (Serialized files now loaded: 0)
Unloading 29 unused Assets / (46.6 KB). Loaded Objects now: 3637.
Memory consumption went from 117.7 MB to 117.7 MB.
Total: 2.731500 ms (FindLiveObjects: 0.263400 ms CreateObjectMapping: 0.164400 ms MarkObjects: 2.239900 ms  DeleteObjects: 0.062400 ms)

AssetImportParameters requested are different than current active one (requested -> active):
  custom:video-decoder-ogg-theora: a1e56fd34408186e4bbccfd4996cb3dc -> 
  custom:container-muxer-webm: aa71ff27fc2769a1b78a27578f13a17b -> 
  custom:container-demuxer-webm: 4f35f7cbe854078d1ac9338744f61a02 -> 
  custom:video-encoder-webm-vp8: eb34c28f22e8b96e1ab97ce403110664 -> 
  custom:audio-encoder-webm-vorbis: bf7c407c2cedff20999df2af8eb42d56 -> 
  custom:framework-win-MediaFoundation: 216162199b28c13a410421893ffa2e32 -> 
  custom:container-demuxer-ogg: 62fdf1f143b41e24485cea50d1cbac27 -> 
  custom:video-decoder-webm-vp8: 9c59270c3fd7afecdb556c50c9e8de78 -> 
  custom:audio-decoder-ogg-vorbis: bf7c407c2cedff20999df2af8eb42d56 -> 
========================================================================
Received Prepare
Registering precompiled user dll's ...
Registered in 0.002374 seconds.
Begin MonoManager ReloadAssembly
Native extension for WindowsStandalone target not found
Native extension for iOS target not found
Native extension for Android target not found
Refreshing native plugins compatible for Editor in 0.71 ms, found 3 plugins.
Preloading 0 native plugins for Editor in 0.00 ms.
[Package Manager] Server::EnsureServerProcessIsRunning -- launch failed, reason: Unity was launched with the -noUpm command-line argument
[Package Manager] Cannot connect to Unity Package Manager local server
Mono: successfully reloaded assembly
- Completed reload, in  1.218 seconds
Domain Reload Profiling:
	ReloadAssembly (1219ms)
		BeginReloadAssembly (133ms)
			ExecutionOrderSort (0ms)
			DisableScriptedObjects (6ms)
			BackupInstance (0ms)
			ReleaseScriptingObjects (0ms)
			CreateAndSetChildDomain (33ms)
		EndReloadAssembly (1010ms)
			LoadAssemblies (83ms)
			RebuildTransferFunctionScriptingTraits (0ms)
			SetupTypeCache (248ms)
			ReleaseScriptCaches (1ms)
			RebuildScriptCaches (46ms)
			SetupLoadedEditorAssemblies (618ms)
				LogAssemblyErrors (0ms)
				InitializePlatformSupportModulesInManaged (27ms)
				SetLoadedEditorAssemblies (0ms)
				RefreshPlugins (1ms)
				BeforeProcessingInitializeOnLoad (47ms)
				ProcessInitializeOnLoadAttributes (519ms)
				ProcessInitializeOnLoadMethodAttributes (21ms)
				AfterProcessingInitializeOnLoad (2ms)
				EditorAssembliesLoaded (0ms)
			ExecutionOrderSort2 (0ms)
			AwakeInstancesAfterBackupRestoration (4ms)
Platform modules already initialized, skipping
Refreshing native plugins compatible for Editor in 0.50 ms, found 3 plugins.
Preloading 0 native plugins for Editor in 0.00 ms.
Unloading 3144 Unused Serialized files (Serialized files now loaded: 0)
Unloading 20 unused Assets / (21.9 KB). Loaded Objects now: 3640.
Memory consumption went from 115.9 MB to 115.9 MB.
Total: 2.462200 ms (FindLiveObjects: 0.251100 ms CreateObjectMapping: 0.165800 ms MarkObjects: 2.027000 ms  DeleteObjects: 0.017700 ms)

AssetImportParameters requested are different than current active one (requested -> active):
  custom:video-decoder-ogg-theora: a1e56fd34408186e4bbccfd4996cb3dc -> 
  custom:container-muxer-webm: aa71ff27fc2769a1b78a27578f13a17b -> 
  custom:container-demuxer-webm: 4f35f7cbe854078d1ac9338744f61a02 -> 
  custom:video-encoder-webm-vp8: eb34c28f22e8b96e1ab97ce403110664 -> 
  custom:audio-encoder-webm-vorbis: bf7c407c2cedff20999df2af8eb42d56 -> 
  custom:framework-win-MediaFoundation: 216162199b28c13a410421893ffa2e32 -> 
  custom:container-demuxer-ogg: 62fdf1f143b41e24485cea50d1cbac27 -> 
  custom:video-decoder-webm-vp8: 9c59270c3fd7afecdb556c50c9e8de78 -> 
  custom:audio-decoder-ogg-vorbis: bf7c407c2cedff20999df2af8eb42d56 -> 
========================================================================
Received Import Request.
  Time since last request: 5025.453389 seconds.
  path: Assets/2.Prefab/Tile 2.prefab
  artifactKey: Guid(a84cd326945686144ac3712e923fa2a4) Importer(815301076,1909f56bfc062723c751e8b465ee728b)
Number of updated assets reloaded before import = 0
Start importing Assets/2.Prefab/Tile 2.prefab using Guid(a84cd326945686144ac3712e923fa2a4) Importer(815301076,1909f56bfc062723c751e8b465ee728b)  -> (artifact id: '0018b9d80ff2ea4f459de6d651700a25') in 0.087725 seconds 
Number of asset objects unloaded after import = 9
========================================================================
Received Prepare
Refreshing native plugins compatible for Editor in 2.51 ms, found 3 plugins.
Preloading 0 native plugins for Editor in 0.00 ms.
Unloading 18 Unused Serialized files (Serialized files now loaded: 0)
Unloading 18 unused Assets / (21.9 KB). Loaded Objects now: 3649.
Memory consumption went from 53.4 MB to 53.4 MB.
Total: 2.698200 ms (FindLiveObjects: 0.263600 ms CreateObjectMapping: 0.189400 ms MarkObjects: 2.226600 ms  DeleteObjects: 0.017700 ms)

AssetImportParameters requested are different than current active one (requested -> active):
  custom:video-decoder-ogg-theora: a1e56fd34408186e4bbccfd4996cb3dc -> 
  custom:container-muxer-webm: aa71ff27fc2769a1b78a27578f13a17b -> 
  custom:container-demuxer-webm: 4f35f7cbe854078d1ac9338744f61a02 -> 
  custom:video-encoder-webm-vp8: eb34c28f22e8b96e1ab97ce403110664 -> 
  custom:CustomObjectIndexerAttribute: bc11b3a6c3213fcdd17b65e7da85e133 -> 
  custom:audio-encoder-webm-vorbis: bf7c407c2cedff20999df2af8eb42d56 -> 
  custom:framework-win-MediaFoundation: 216162199b28c13a410421893ffa2e32 -> 
  custom:SearchIndexIgnoredProperties: e643bd26f0fe6173181afceb89e7c659 -> 
  custom:container-demuxer-ogg: 62fdf1f143b41e24485cea50d1cbac27 -> 
  custom:video-decoder-webm-vp8: 9c59270c3fd7afecdb556c50c9e8de78 -> 
  custom:audio-decoder-ogg-vorbis: bf7c407c2cedff20999df2af8eb42d56 -> 
========================================================================
Received Prepare
Registering precompiled user dll's ...
Registered in 0.002305 seconds.
Begin MonoManager ReloadAssembly
Native extension for WindowsStandalone target not found
Native extension for iOS target not found
Native extension for Android target not found
Refreshing native plugins compatible for Editor in 0.98 ms, found 3 plugins.
Preloading 0 native plugins for Editor in 0.00 ms.
[Package Manager] Server::EnsureServerProcessIsRunning -- launch failed, reason: Unity was launched with the -noUpm command-line argument
[Package Manager] Cannot connect to Unity Package Manager local server
Mono: successfully reloaded assembly
- Completed reload, in  1.243 seconds
Domain Reload Profiling:
	ReloadAssembly (1244ms)
		BeginReloadAssembly (137ms)
			ExecutionOrderSort (0ms)
			DisableScriptedObjects (6ms)
			BackupInstance (0ms)
			ReleaseScriptingObjects (0ms)
			CreateAndSetChildDomain (33ms)
		EndReloadAssembly (1026ms)
			LoadAssemblies (93ms)
			RebuildTransferFunctionScriptingTraits (0ms)
			SetupTypeCache (233ms)
			ReleaseScriptCaches (1ms)
			RebuildScriptCaches (39ms)
			SetupLoadedEditorAssemblies (644ms)
				LogAssemblyErrors (0ms)
				InitializePlatformSupportModulesInManaged (27ms)
				SetLoadedEditorAssemblies (1ms)
				RefreshPlugins (1ms)
				BeforeProcessingInitializeOnLoad (59ms)
				ProcessInitializeOnLoadAttributes (531ms)
				ProcessInitializeOnLoadMethodAttributes (23ms)
				AfterProcessingInitializeOnLoad (3ms)
				EditorAssembliesLoaded (0ms)
			ExecutionOrderSort2 (0ms)
			AwakeInstancesAfterBackupRestoration (4ms)
Platform modules already initialized, skipping
Refreshing native plugins compatible for Editor in 0.54 ms, found 3 plugins.
Preloading 0 native plugins for Editor in 0.00 ms.
Unloading 3145 Unused Serialized files (Serialized files now loaded: 0)
Unloading 20 unused Assets / (22.0 KB). Loaded Objects now: 3652.
Memory consumption went from 116.1 MB to 116.1 MB.
Total: 2.863100 ms (FindLiveObjects: 0.338900 ms CreateObjectMapping: 0.226800 ms MarkObjects: 2.268700 ms  DeleteObjects: 0.027200 ms)

AssetImportParameters requested are different than current active one (requested -> active):
  custom:video-decoder-ogg-theora: a1e56fd34408186e4bbccfd4996cb3dc -> 
  custom:container-muxer-webm: aa71ff27fc2769a1b78a27578f13a17b -> 
  custom:container-demuxer-webm: 4f35f7cbe854078d1ac9338744f61a02 -> 
  custom:video-encoder-webm-vp8: eb34c28f22e8b96e1ab97ce403110664 -> 
  custom:CustomObjectIndexerAttribute: bc11b3a6c3213fcdd17b65e7da85e133 -> 
  custom:audio-encoder-webm-vorbis: bf7c407c2cedff20999df2af8eb42d56 -> 
  custom:framework-win-MediaFoundation: 216162199b28c13a410421893ffa2e32 -> 
  custom:SearchIndexIgnoredProperties: e643bd26f0fe6173181afceb89e7c659 -> 
  custom:container-demuxer-ogg: 62fdf1f143b41e24485cea50d1cbac27 -> 
  custom:video-decoder-webm-vp8: 9c59270c3fd7afecdb556c50c9e8de78 -> 
  custom:audio-decoder-ogg-vorbis: bf7c407c2cedff20999df2af8eb42d56 -> 
========================================================================
Received Import Request.
  Time since last request: 70.449946 seconds.
  path: Assets/LowpolyStyle/Alpine Woodland/2_Textures/Main.psd
  artifactKey: Guid(a1c8d835116530845b778b4b490c53e5) Importer(815301076,1909f56bfc062723c751e8b465ee728b)
Number of updated assets reloaded before import = 0
Start importing Assets/LowpolyStyle/Alpine Woodland/2_Textures/Main.psd using Guid(a1c8d835116530845b778b4b490c53e5) Importer(815301076,1909f56bfc062723c751e8b465ee728b)  -> (artifact id: 'da61d8c739b2217fec7f93eb149c45e4') in 0.040873 seconds 
Number of asset objects unloaded after import = 2
========================================================================
Received Import Request.
  Time since last request: 0.000016 seconds.
  path: Assets/LowpolyStyle/Alpine Woodland/2_Textures/Woodlands.exr
  artifactKey: Guid(e7551ee8d9def7a4e8c30461c20edece) Importer(815301076,1909f56bfc062723c751e8b465ee728b)
Number of updated assets reloaded before import = 0
Start importing Assets/LowpolyStyle/Alpine Woodland/2_Textures/Woodlands.exr using Guid(e7551ee8d9def7a4e8c30461c20edece) Importer(815301076,1909f56bfc062723c751e8b465ee728b)  -> (artifact id: 'c58222a47a8b47a66cbba2378bdd9fe8') in 0.039223 seconds 
Number of asset objects unloaded after import = 1
========================================================================
Received Import Request.
  Time since last request: 29.351239 seconds.
  path: Assets/LowpolyStyle/Alpine Woodland/3_PrefabsWithColliders/Barrel.prefab
  artifactKey: Guid(19ac1104ca7795142a0ed5606b7401c7) Importer(815301076,1909f56bfc062723c751e8b465ee728b)
Number of updated assets reloaded before import = 0
Start importing Assets/LowpolyStyle/Alpine Woodland/3_PrefabsWithColliders/Barrel.prefab using Guid(19ac1104ca7795142a0ed5606b7401c7) Importer(815301076,1909f56bfc062723c751e8b465ee728b)  -> (artifact id: 'be1700479e7cad962117e847a99d3006') in 0.033917 seconds 
Number of asset objects unloaded after import = 10
========================================================================
Received Import Request.
  Time since last request: 0.000012 seconds.
  path: Assets/LowpolyStyle/Alpine Woodland/3_PrefabsWithColliders/StonePath.prefab
  artifactKey: Guid(bd2da1b3ea398844f922bdf9133bfba0) Importer(815301076,1909f56bfc062723c751e8b465ee728b)
Number of updated assets reloaded before import = 0
Start importing Assets/LowpolyStyle/Alpine Woodland/3_PrefabsWithColliders/StonePath.prefab using Guid(bd2da1b3ea398844f922bdf9133bfba0) Importer(815301076,1909f56bfc062723c751e8b465ee728b)  -> (artifact id: '71a257cb77b542d4a33612d547968e8b') in 0.020888 seconds 
Number of asset objects unloaded after import = 9
========================================================================
Received Import Request.
  Time since last request: 0.000012 seconds.
  path: Assets/LowpolyStyle/Alpine Woodland/3_PrefabsWithColliders/Tent1.prefab
  artifactKey: Guid(f60396d1bcb5c7540b2f66c3d39dd57d) Importer(815301076,1909f56bfc062723c751e8b465ee728b)
Number of updated assets reloaded before import = 0
Start importing Assets/LowpolyStyle/Alpine Woodland/3_PrefabsWithColliders/Tent1.prefab using Guid(f60396d1bcb5c7540b2f66c3d39dd57d) Importer(815301076,1909f56bfc062723c751e8b465ee728b)  -> (artifact id: 'a195238c08e1b8ff6a96866456084e50') in 0.008372 seconds 
Number of asset objects unloaded after import = 10
========================================================================
Received Import Request.
  Time since last request: 0.000030 seconds.
  path: Assets/LowpolyStyle/Alpine Woodland/3_PrefabsWithColliders/ReedBig.prefab
  artifactKey: Guid(0dd9f3ed5db81cd42b5ed5842693f0d3) Importer(815301076,1909f56bfc062723c751e8b465ee728b)
Number of updated assets reloaded before import = 0
Start importing Assets/LowpolyStyle/Alpine Woodland/3_PrefabsWithColliders/ReedBig.prefab using Guid(0dd9f3ed5db81cd42b5ed5842693f0d3) Importer(815301076,1909f56bfc062723c751e8b465ee728b)  -> (artifact id: '622449b2976ef65df632b8a994feed82') in 0.009470 seconds 
Number of asset objects unloaded after import = 9
========================================================================
Received Import Request.
  Time since last request: 0.000014 seconds.
  path: Assets/LowpolyStyle/Alpine Woodland/3_PrefabsWithColliders/RockGrey2.prefab
  artifactKey: Guid(0b507fc630af57748b49929a85bad1f4) Importer(815301076,1909f56bfc062723c751e8b465ee728b)
Number of updated assets reloaded before import = 0
Start importing Assets/LowpolyStyle/Alpine Woodland/3_PrefabsWithColliders/RockGrey2.prefab using Guid(0b507fc630af57748b49929a85bad1f4) Importer(815301076,1909f56bfc062723c751e8b465ee728b)  -> (artifact id: 'c369c784091af0a528c835d358508ba0') in 0.007938 seconds 
Number of asset objects unloaded after import = 10
========================================================================
Received Import Request.
  Time since last request: 0.000015 seconds.
  path: Assets/LowpolyStyle/Alpine Woodland/3_PrefabsWithColliders/Reed.prefab
  artifactKey: Guid(8e29574f61c003a45a3cc9a571582336) Importer(815301076,1909f56bfc062723c751e8b465ee728b)
Number of updated assets reloaded before import = 0
Start importing Assets/LowpolyStyle/Alpine Woodland/3_PrefabsWithColliders/Reed.prefab using Guid(8e29574f61c003a45a3cc9a571582336) Importer(815301076,1909f56bfc062723c751e8b465ee728b)  -> (artifact id: '3cc2f6131ae8c64fab8c9c2cc88e59da') in 0.008549 seconds 
Number of asset objects unloaded after import = 9
========================================================================
Received Import Request.
  Time since last request: 0.000028 seconds.
  path: Assets/LowpolyStyle/Alpine Woodland/3_PrefabsWithColliders/Signpost1.prefab
  artifactKey: Guid(09cf0cab46fd4f84cab7fdafc2df9b01) Importer(815301076,1909f56bfc062723c751e8b465ee728b)
Number of updated assets reloaded before import = 0
Start importing Assets/LowpolyStyle/Alpine Woodland/3_PrefabsWithColliders/Signpost1.prefab using Guid(09cf0cab46fd4f84cab7fdafc2df9b01) Importer(815301076,1909f56bfc062723c751e8b465ee728b)  -> (artifact id: '5a3c7ce2606971562b40b45fd74f7d88') in 0.008967 seconds 
Number of asset objects unloaded after import = 10
========================================================================
Received Import Request.
  Time since last request: 0.000021 seconds.
  path: Assets/LowpolyStyle/Alpine Woodland/3_PrefabsWithColliders/HangingBridge.prefab
  artifactKey: Guid(2857b754a89e4194d879f7284bfd200d) Importer(815301076,1909f56bfc062723c751e8b465ee728b)
Number of updated assets reloaded before import = 0
Start importing Assets/LowpolyStyle/Alpine Woodland/3_PrefabsWithColliders/HangingBridge.prefab using Guid(2857b754a89e4194d879f7284bfd200d) Importer(815301076,1909f56bfc062723c751e8b465ee728b)  -> (artifact id: '1e79a4685f641ae07dff36436347e116') in 0.009555 seconds 
Number of asset objects unloaded after import = 10
========================================================================
Received Import Request.
  Time since last request: 0.000019 seconds.
  path: Assets/LowpolyStyle/Alpine Woodland/3_PrefabsWithColliders/PierStart.prefab
  artifactKey: Guid(52dbbceff73875e4181d4040686efbfb) Importer(815301076,1909f56bfc062723c751e8b465ee728b)
Number of updated assets reloaded before import = 0
Start importing Assets/LowpolyStyle/Alpine Woodland/3_PrefabsWithColliders/PierStart.prefab using Guid(52dbbceff73875e4181d4040686efbfb) Importer(815301076,1909f56bfc062723c751e8b465ee728b)  -> (artifact id: 'e322f9b2f381b57652714f8cf5c3265b') in 0.009771 seconds 
Number of asset objects unloaded after import = 10
========================================================================
Received Import Request.
  Time since last request: 0.000013 seconds.
  path: Assets/LowpolyStyle/Alpine Woodland/3_PrefabsWithColliders/QubicRocks1.prefab
  artifactKey: Guid(040e7f7209998c646a090c885c9163aa) Importer(815301076,1909f56bfc062723c751e8b465ee728b)
Number of updated assets reloaded before import = 0
Start importing Assets/LowpolyStyle/Alpine Woodland/3_PrefabsWithColliders/QubicRocks1.prefab using Guid(040e7f7209998c646a090c885c9163aa) Importer(815301076,1909f56bfc062723c751e8b465ee728b)  -> (artifact id: '9c4131b8d58c62284e55b08dc72eba60') in 0.010357 seconds 
Number of asset objects unloaded after import = 10
========================================================================
Received Import Request.
  Time since last request: 0.000017 seconds.
  path: Assets/LowpolyStyle/Alpine Woodland/3_PrefabsWithColliders/RockGrey3.prefab
  artifactKey: Guid(dc170f4a3ac072048b9e980741856d82) Importer(815301076,1909f56bfc062723c751e8b465ee728b)
Number of updated assets reloaded before import = 0
Start importing Assets/LowpolyStyle/Alpine Woodland/3_PrefabsWithColliders/RockGrey3.prefab using Guid(dc170f4a3ac072048b9e980741856d82) Importer(815301076,1909f56bfc062723c751e8b465ee728b)  -> (artifact id: '2e3acb7eaf7b619f2b0e613445b0f574') in 0.009481 seconds 
Number of asset objects unloaded after import = 10
========================================================================
Received Import Request.
  Time since last request: 0.000014 seconds.
  path: Assets/LowpolyStyle/Alpine Woodland/3_PrefabsWithColliders/Mushrooms.prefab
  artifactKey: Guid(6df69aa4c7dd16842b1448e84b884e15) Importer(815301076,1909f56bfc062723c751e8b465ee728b)
Number of updated assets reloaded before import = 0
Start importing Assets/LowpolyStyle/Alpine Woodland/3_PrefabsWithColliders/Mushrooms.prefab using Guid(6df69aa4c7dd16842b1448e84b884e15) Importer(815301076,1909f56bfc062723c751e8b465ee728b)  -> (artifact id: '819b1db4fc3f29e60a5375948db70796') in 0.009285 seconds 
Number of asset objects unloaded after import = 9
========================================================================
Received Import Request.
  Time since last request: 0.000033 seconds.
  path: Assets/LowpolyStyle/Alpine Woodland/3_PrefabsWithColliders/Campfire.prefab
  artifactKey: Guid(b86c6f6b9c3047546b5bd02193442d2d) Importer(815301076,1909f56bfc062723c751e8b465ee728b)
Number of updated assets reloaded before import = 0
Start importing Assets/LowpolyStyle/Alpine Woodland/3_PrefabsWithColliders/Campfire.prefab using Guid(b86c6f6b9c3047546b5bd02193442d2d) Importer(815301076,1909f56bfc062723c751e8b465ee728b)  -> (artifact id: 'fa77999a58b28ce7c0441bf7783c58b1') in 0.016715 seconds 
Number of asset objects unloaded after import = 22
========================================================================
Received Import Request.
  Time since last request: 0.000018 seconds.
  path: Assets/LowpolyStyle/Alpine Woodland/3_PrefabsWithColliders/Tree2.prefab
  artifactKey: Guid(bc17b1ed5476ec540a6ebe8135cd81e6) Importer(815301076,1909f56bfc062723c751e8b465ee728b)
Number of updated assets reloaded before import = 0
Start importing Assets/LowpolyStyle/Alpine Woodland/3_PrefabsWithColliders/Tree2.prefab using Guid(bc17b1ed5476ec540a6ebe8135cd81e6) Importer(815301076,1909f56bfc062723c751e8b465ee728b)  -> (artifact id: '6b521ffabdccdbaaf2873d5fdcab09f0') in 0.008856 seconds 
Number of asset objects unloaded after import = 11
========================================================================
Received Import Request.
  Time since last request: 0.000018 seconds.
  path: Assets/LowpolyStyle/Alpine Woodland/3_PrefabsWithColliders/Signpost2.prefab
  artifactKey: Guid(b0552017f9b56b34a80886463367e4ce) Importer(815301076,1909f56bfc062723c751e8b465ee728b)
Number of updated assets reloaded before import = 0
Start importing Assets/LowpolyStyle/Alpine Woodland/3_PrefabsWithColliders/Signpost2.prefab using Guid(b0552017f9b56b34a80886463367e4ce) Importer(815301076,1909f56bfc062723c751e8b465ee728b)  -> (artifact id: 'dc6c831c03089353877acae9a7812be3') in 0.009500 seconds 
Number of asset objects unloaded after import = 10
========================================================================
Received Import Request.
  Time since last request: 0.000019 seconds.
  path: Assets/LowpolyStyle/Alpine Woodland/3_PrefabsWithColliders/SharpRock1.prefab
  artifactKey: Guid(75ce0f8fda9941d4dbb0fce80b24ba8d) Importer(815301076,1909f56bfc062723c751e8b465ee728b)
Number of updated assets reloaded before import = 0
Start importing Assets/LowpolyStyle/Alpine Woodland/3_PrefabsWithColliders/SharpRock1.prefab using Guid(75ce0f8fda9941d4dbb0fce80b24ba8d) Importer(815301076,1909f56bfc062723c751e8b465ee728b)  -> (artifact id: 'f4241ec0d0f904fca3be9cfa548d28a8') in 0.009822 seconds 
Number of asset objects unloaded after import = 10
========================================================================
Received Import Request.
  Time since last request: 0.000013 seconds.
  path: Assets/LowpolyStyle/Alpine Woodland/3_PrefabsWithColliders/CookingPot.prefab
  artifactKey: Guid(6cecb8f8cf3206345b6b535cbc70d1eb) Importer(815301076,1909f56bfc062723c751e8b465ee728b)
Number of updated assets reloaded before import = 0
Start importing Assets/LowpolyStyle/Alpine Woodland/3_PrefabsWithColliders/CookingPot.prefab using Guid(6cecb8f8cf3206345b6b535cbc70d1eb) Importer(815301076,1909f56bfc062723c751e8b465ee728b)  -> (artifact id: 'a0bef2249d74200b049c0a2c0b269ddb') in 0.010025 seconds 
Number of asset objects unloaded after import = 10
========================================================================
Received Import Request.
  Time since last request: 2.093785 seconds.
  path: Assets/LowpolyStyle/Alpine Woodland/1_FBX/Barrel.fbx
  artifactKey: Guid(0635c8de5e239534d9cb16dabad3abe4) Importer(815301076,1909f56bfc062723c751e8b465ee728b)
Number of updated assets reloaded before import = 0
Start importing Assets/LowpolyStyle/Alpine Woodland/1_FBX/Barrel.fbx using Guid(0635c8de5e239534d9cb16dabad3abe4) Importer(815301076,1909f56bfc062723c751e8b465ee728b)  -> (artifact id: '70820c37dd82ae7eba278c9228bc5382') in 0.019475 seconds 
Number of asset objects unloaded after import = 7
========================================================================
Received Import Request.
  Time since last request: 0.000011 seconds.
  path: Assets/LowpolyStyle/Alpine Woodland/1_FBX/RockGrey1_high.fbx
  artifactKey: Guid(2766b15eac00c3241ab4c21162b3ea8f) Importer(815301076,1909f56bfc062723c751e8b465ee728b)
Number of updated assets reloaded before import = 0
Start importing Assets/LowpolyStyle/Alpine Woodland/1_FBX/RockGrey1_high.fbx using Guid(2766b15eac00c3241ab4c21162b3ea8f) Importer(815301076,1909f56bfc062723c751e8b465ee728b)  -> (artifact id: '90e0c2df510f8e5502fad022aa116bf9') in 0.007928 seconds 
Number of asset objects unloaded after import = 7
========================================================================
Received Import Request.
  Time since last request: 0.000013 seconds.
  path: Assets/LowpolyStyle/Alpine Woodland/1_FBX/ReedBig.fbx
  artifactKey: Guid(8e059fd06be47644a9d06d624f32be34) Importer(815301076,1909f56bfc062723c751e8b465ee728b)
Number of updated assets reloaded before import = 0
Start importing Assets/LowpolyStyle/Alpine Woodland/1_FBX/ReedBig.fbx using Guid(8e059fd06be47644a9d06d624f32be34) Importer(815301076,1909f56bfc062723c751e8b465ee728b)  -> (artifact id: '6cbeeb6f269fbbc83897ab6d5b727ead') in 0.007772 seconds 
Number of asset objects unloaded after import = 7
========================================================================
Received Import Request.
  Time since last request: 0.000015 seconds.
  path: Assets/LowpolyStyle/Alpine Woodland/1_FBX/PierPole.fbx
  artifactKey: Guid(503c7efe10855c7498e8d48dac15a5b0) Importer(815301076,1909f56bfc062723c751e8b465ee728b)
Number of updated assets reloaded before import = 0
Start importing Assets/LowpolyStyle/Alpine Woodland/1_FBX/PierPole.fbx using Guid(503c7efe10855c7498e8d48dac15a5b0) Importer(815301076,1909f56bfc062723c751e8b465ee728b)  -> (artifact id: '318ce7e98cdd671bdaf0e01a567e7a2e') in 0.006959 seconds 
Number of asset objects unloaded after import = 7
========================================================================
Received Import Request.
  Time since last request: 0.000020 seconds.
  path: Assets/LowpolyStyle/Alpine Woodland/1_FBX/HangingBridge.fbx
  artifactKey: Guid(8e854569819fbf041a53b8b575995a4b) Importer(815301076,1909f56bfc062723c751e8b465ee728b)
Number of updated assets reloaded before import = 0
Start importing Assets/LowpolyStyle/Alpine Woodland/1_FBX/HangingBridge.fbx using Guid(8e854569819fbf041a53b8b575995a4b) Importer(815301076,1909f56bfc062723c751e8b465ee728b)  -> (artifact id: 'd3142e9f2f0d78dd10baeeb40c1074f5') in 0.007983 seconds 
Number of asset objects unloaded after import = 7
========================================================================
Received Import Request.
  Time since last request: 0.000013 seconds.
  path: Assets/LowpolyStyle/Alpine Woodland/1_FBX/SharpRock2.fbx
  artifactKey: Guid(a70d70b3b35e7864597420b0e76f51cf) Importer(815301076,1909f56bfc062723c751e8b465ee728b)
Number of updated assets reloaded before import = 0
Start importing Assets/LowpolyStyle/Alpine Woodland/1_FBX/SharpRock2.fbx using Guid(a70d70b3b35e7864597420b0e76f51cf) Importer(815301076,1909f56bfc062723c751e8b465ee728b)  -> (artifact id: '19437a2b1fc1c7157a21aad6674f6768') in 0.007618 seconds 
Number of asset objects unloaded after import = 7
========================================================================
Received Import Request.
  Time since last request: 0.000019 seconds.
  path: Assets/LowpolyStyle/Alpine Woodland/1_FBX/CookingFireplace.fbx
  artifactKey: Guid(4b47d6bc09ef86d4bb9b665ce50160f0) Importer(815301076,1909f56bfc062723c751e8b465ee728b)
Number of updated assets reloaded before import = 0
Start importing Assets/LowpolyStyle/Alpine Woodland/1_FBX/CookingFireplace.fbx using Guid(4b47d6bc09ef86d4bb9b665ce50160f0) Importer(815301076,1909f56bfc062723c751e8b465ee728b)  -> (artifact id: 'a7236842374941e9c4ebe814416e41ef') in 0.008211 seconds 
Number of asset objects unloaded after import = 7
========================================================================
Received Import Request.
  Time since last request: 0.000019 seconds.
  path: Assets/LowpolyStyle/Alpine Woodland/1_FBX/DoubleRockShape.fbx
  artifactKey: Guid(5760cbc1e13c19c48a8ebc466d80d465) Importer(815301076,1909f56bfc062723c751e8b465ee728b)
Number of updated assets reloaded before import = 0
Start importing Assets/LowpolyStyle/Alpine Woodland/1_FBX/DoubleRockShape.fbx using Guid(5760cbc1e13c19c48a8ebc466d80d465) Importer(815301076,1909f56bfc062723c751e8b465ee728b)  -> (artifact id: '70fb77e47392c3c33caa875ac9c11922') in 0.008398 seconds 
Number of asset objects unloaded after import = 7
========================================================================
Received Import Request.
  Time since last request: 0.000021 seconds.
  path: Assets/LowpolyStyle/Alpine Woodland/1_FBX/Fence1.fbx
  artifactKey: Guid(f3fc53413bbf70541b2393225fc54970) Importer(815301076,1909f56bfc062723c751e8b465ee728b)
Number of updated assets reloaded before import = 0
Start importing Assets/LowpolyStyle/Alpine Woodland/1_FBX/Fence1.fbx using Guid(f3fc53413bbf70541b2393225fc54970) Importer(815301076,1909f56bfc062723c751e8b465ee728b)  -> (artifact id: '34e2713d1c4da3834a269b8b3444c532') in 0.008183 seconds 
Number of asset objects unloaded after import = 7
========================================================================
Received Import Request.
  Time since last request: 0.000015 seconds.
  path: Assets/LowpolyStyle/Alpine Woodland/1_FBX/Mushrooms.fbx
  artifactKey: Guid(9e5aa76ce8179ee4aacee3656ca0f1b2) Importer(815301076,1909f56bfc062723c751e8b465ee728b)
Number of updated assets reloaded before import = 0
Start importing Assets/LowpolyStyle/Alpine Woodland/1_FBX/Mushrooms.fbx using Guid(9e5aa76ce8179ee4aacee3656ca0f1b2) Importer(815301076,1909f56bfc062723c751e8b465ee728b)  -> (artifact id: '020837fc9cea25b9d3a7367e47b2dc0b') in 0.007155 seconds 
Number of asset objects unloaded after import = 7
========================================================================
Received Import Request.
  Time since last request: 0.000016 seconds.
  path: Assets/LowpolyStyle/Alpine Woodland/1_FBX/StonePath.fbx
  artifactKey: Guid(ac0fe3bec9cb7b84eb269177d2d958a4) Importer(815301076,1909f56bfc062723c751e8b465ee728b)
Number of updated assets reloaded before import = 0
Start importing Assets/LowpolyStyle/Alpine Woodland/1_FBX/StonePath.fbx using Guid(ac0fe3bec9cb7b84eb269177d2d958a4) Importer(815301076,1909f56bfc062723c751e8b465ee728b)  -> (artifact id: '50f0822b60d007cab74c2192f0c60d77') in 0.007984 seconds 
Number of asset objects unloaded after import = 7
========================================================================
Received Import Request.
  Time since last request: 0.000024 seconds.
  path: Assets/LowpolyStyle/Alpine Woodland/1_FBX/Mushroom.fbx
  artifactKey: Guid(fd282ab2a221afc4e817545bcad6c781) Importer(815301076,1909f56bfc062723c751e8b465ee728b)
Number of updated assets reloaded before import = 0
Start importing Assets/LowpolyStyle/Alpine Woodland/1_FBX/Mushroom.fbx using Guid(fd282ab2a221afc4e817545bcad6c781) Importer(815301076,1909f56bfc062723c751e8b465ee728b)  -> (artifact id: '75202dc626323120f71071888f576d67') in 0.007100 seconds 
Number of asset objects unloaded after import = 7
========================================================================
Received Import Request.
  Time since last request: 0.000018 seconds.
  path: Assets/LowpolyStyle/Alpine Woodland/1_FBX/Signpost1.fbx
  artifactKey: Guid(f4ca3e5db0b2baf4780556abc38cd0be) Importer(815301076,1909f56bfc062723c751e8b465ee728b)
Number of updated assets reloaded before import = 0
Start importing Assets/LowpolyStyle/Alpine Woodland/1_FBX/Signpost1.fbx using Guid(f4ca3e5db0b2baf4780556abc38cd0be) Importer(815301076,1909f56bfc062723c751e8b465ee728b)  -> (artifact id: 'e1d70064c55ab99f3fec965ee25e9229') in 0.008427 seconds 
Number of asset objects unloaded after import = 7
========================================================================
Received Import Request.
  Time since last request: 0.000017 seconds.
  path: Assets/LowpolyStyle/Alpine Woodland/1_FBX/OldStoneWall.fbx
  artifactKey: Guid(77d2a70a159821845af6257a8131a10d) Importer(815301076,1909f56bfc062723c751e8b465ee728b)
Number of updated assets reloaded before import = 0
Start importing Assets/LowpolyStyle/Alpine Woodland/1_FBX/OldStoneWall.fbx using Guid(77d2a70a159821845af6257a8131a10d) Importer(815301076,1909f56bfc062723c751e8b465ee728b)  -> (artifact id: '3f746d35bed320c142939080b188d203') in 0.009197 seconds 
Number of asset objects unloaded after import = 7
========================================================================
Received Import Request.
  Time since last request: 0.000014 seconds.
  path: Assets/LowpolyStyle/Alpine Woodland/1_FBX/GrassHillFlat.fbx
  artifactKey: Guid(7fe919ceb6d6ab041be42bda1110b68d) Importer(815301076,1909f56bfc062723c751e8b465ee728b)
Number of updated assets reloaded before import = 0
Start importing Assets/LowpolyStyle/Alpine Woodland/1_FBX/GrassHillFlat.fbx using Guid(7fe919ceb6d6ab041be42bda1110b68d) Importer(815301076,1909f56bfc062723c751e8b465ee728b)  -> (artifact id: 'add7d0f2fde1a6e6a3d03bd2ba563524') in 0.007922 seconds 
Number of asset objects unloaded after import = 9
========================================================================
Received Import Request.
  Time since last request: 0.000012 seconds.
  path: Assets/LowpolyStyle/Alpine Woodland/1_FBX/GrassCliff.fbx
  artifactKey: Guid(4a5a284124fbb704b9b1a375fec3a22d) Importer(815301076,1909f56bfc062723c751e8b465ee728b)
Number of updated assets reloaded before import = 0
Start importing Assets/LowpolyStyle/Alpine Woodland/1_FBX/GrassCliff.fbx using Guid(4a5a284124fbb704b9b1a375fec3a22d) Importer(815301076,1909f56bfc062723c751e8b465ee728b)  -> (artifact id: '0612f2f7e386943ffcd07dd676aaceb2') in 0.009435 seconds 
Number of asset objects unloaded after import = 9
Editor requested this worker to shutdown with reason: Scaling down because of idle timeout
AssetImportWorker is now disconnected from the server
Process exiting
Exiting without the bug reporter. Application will terminate with return code 0